2026-01-02 09:39:57.389  INFO 6000 --- [restartedMain] com.mbti.BackendApplication              : Starting BackendApplication using Java 21.0.8 with PID 6000 (D:\MBTI\backend\build\classes\java\main started by TJ in D:\MBTI\backend)
2026-01-02 09:39:57.391  INFO 6000 --- [restartedMain] com.mbti.BackendApplication              : No active profile set, falling back to 1 default profile: "default"
2026-01-02 09:39:57.514  INFO 6000 --- [restartedMain] .e.DevToolsPropertyDefaultsPostProcessor : Devtools property defaults active! Set 'spring.devtools.add-properties' to 'false' to disable
2026-01-02 09:39:57.515  INFO 6000 --- [restartedMain] .e.DevToolsPropertyDefaultsPostProcessor : For additional web related logging consider setting the 'logging.level.web' property to 'DEBUG'
2026-01-02 09:40:03.570  INFO 6000 --- [restartedMain] o.s.b.w.embedded.tomcat.TomcatWebServer  : Tomcat initialized with port 8080 (http)
2026-01-02 09:40:03.598  INFO 6000 --- [restartedMain] o.apache.catalina.core.StandardService   : Starting service [Tomcat]
2026-01-02 09:40:03.599  INFO 6000 --- [restartedMain] o.apache.catalina.core.StandardEngine    : Starting Servlet engine: [Apache Tomcat/10.1.17]
2026-01-02 09:40:03.658  INFO 6000 --- [restartedMain] o.a.c.c.C.[Tomcat].[localhost].[/]       : Initializing Spring embedded WebApplicationContext
2026-01-02 09:40:03.658  INFO 6000 --- [restartedMain] w.s.c.ServletWebServerApplicationContext : Root WebApplicationContext: initialization completed in 2493 ms
2026-01-02 09:40:05.289  INFO 6000 --- [restartedMain] o.s.b.d.a.OptionalLiveReloadServer       : LiveReload server is running on port 35729
2026-01-02 09:40:05.342  INFO 6000 --- [restartedMain] o.s.b.w.embedded.tomcat.TomcatWebServer  : Tomcat started on port 8080 (http) with context path ''
2026-01-02 09:40:05.350  INFO 6000 --- [restartedMain] com.mbti.BackendApplication              : Started BackendApplication in 9.533 seconds (process running for 12.701)
2026-01-02 09:58:56.610  INFO 6000 --- [http-nio-8080-exec-1] o.a.c.c.C.[Tomcat].[localhost].[/]       : Initializing Spring DispatcherServlet 'dispatcherServlet'
2026-01-02 09:58:56.610  INFO 6000 --- [http-nio-8080-exec-1] o.s.web.servlet.DispatcherServlet        : Initializing Servlet 'dispatcherServlet'
2026-01-02 09:58:56.616  INFO 6000 --- [http-nio-8080-exec-1] o.s.web.servlet.DispatcherServlet        : Completed initialization in 6 ms
2026-01-02 09:58:56.653  INFO 6000 --- [http-nio-8080-exec-1] com.mbti.common.aop.LoggingAspect        : [MbtiController.getAllQuestions()] 요청 / ip : 127.0.0.1
2026-01-02 09:58:56.653  INFO 6000 --- [http-nio-8080-exec-1] c.mbti.mbti.controller.MbtiController    : GET /api/mbti/questions - Fetching all questions
2026-01-02 09:58:56.654  INFO 6000 --- [http-nio-8080-exec-1] com.mbti.common.aop.LoggingAspect        : ========== MbtiServiceImpl.getAllQuestions() 서비스 호출 ==========
2026-01-02 09:58:56.655  INFO 6000 --- [http-nio-8080-exec-1] com.mbti.common.aop.LoggingAspect        : Parameter : []
2026-01-02 09:58:56.655  INFO 6000 --- [http-nio-8080-exec-1] c.m.mbti.model.service.MbtiServiceImpl   : Fetching all questions
2026-01-02 09:58:56.674  INFO 6000 --- [http-nio-8080-exec-1] com.zaxxer.hikari.HikariDataSource       : MyHikariCP - Starting...
2026-01-02 09:58:56.895  INFO 6000 --- [http-nio-8080-exec-1] com.zaxxer.hikari.pool.HikariPool        : MyHikariCP - Added connection org.postgresql.jdbc.PgConnection@4af957f2
2026-01-02 09:58:56.897  INFO 6000 --- [http-nio-8080-exec-1] com.zaxxer.hikari.HikariDataSource       : MyHikariCP - Start completed.
2026-01-02 09:58:56.946  INFO 6000 --- [http-nio-8080-exec-1] com.mbti.common.aop.LoggingAspect        : Running Time : 291ms
2026-01-02 09:58:56.946  INFO 6000 --- [http-nio-8080-exec-1] com.mbti.common.aop.LoggingAspect        : ===================================================================================
2026-01-02 09:59:00.442  INFO 6000 --- [http-nio-8080-exec-3] com.mbti.common.aop.LoggingAspect        : [MbtiController.submitTest()] 요청 / ip : 127.0.0.1
2026-01-02 09:59:00.442  INFO 6000 --- [http-nio-8080-exec-3] c.mbti.mbti.controller.MbtiController    : POST /api/mbti/submit - Submitting test for user: 가나다
2026-01-02 09:59:00.447  INFO 6000 --- [http-nio-8080-exec-3] com.mbti.common.aop.LoggingAspect        : ========== MbtiServiceImpl.submitTest() 서비스 호출 ==========
2026-01-02 09:59:00.448  INFO 6000 --- [http-nio-8080-exec-3] com.mbti.common.aop.LoggingAspect        : Parameter : [TestRequest(userName=가나다, answers=[TestAnswer(questionId=1, selectedOption=A), TestAnswer(questionId=2, selectedOption=A), TestAnswer(questionId=3, selectedOption=B), TestAnswer(questionId=4, selectedOption=B), TestAnswer(questionId=5, selectedOption=B), TestAnswer(questionId=6, selectedOption=B), TestAnswer(questionId=7, selectedOption=A), TestAnswer(questionId=8, selectedOption=A), TestAnswer(questionId=9, selectedOption=A), TestAnswer(questionId=10, selectedOption=B), TestAnswer(questionId=11, selectedOption=B), TestAnswer(questionId=12, selectedOption=A)])]
2026-01-02 09:59:00.452  INFO 6000 --- [http-nio-8080-exec-3] c.m.mbti.model.service.MbtiServiceImpl   : Submitting test for user: 가나다
2026-01-02 09:59:00.473  INFO 6000 --- [http-nio-8080-exec-3] c.m.mbti.model.service.MbtiServiceImpl   : Calculated MBTI type: ENTP
2026-01-02 09:59:00.492  INFO 6000 --- [http-nio-8080-exec-3] c.m.mbti.model.service.MbtiServiceImpl   : Saved result with id: 15
2026-01-02 09:59:00.530  INFO 6000 --- [http-nio-8080-exec-3] c.m.mbti.model.service.MbtiServiceImpl   : Saved 12 answers
2026-01-02 09:59:00.530  INFO 6000 --- [http-nio-8080-exec-3] c.m.mbti.model.service.MbtiServiceImpl   : Fetching result with id: 15
2026-01-02 09:59:00.538  INFO 6000 --- [http-nio-8080-exec-3] com.mbti.common.aop.LoggingAspect        : Running Time : 90ms
2026-01-02 09:59:00.538  INFO 6000 --- [http-nio-8080-exec-3] com.mbti.common.aop.LoggingAspect        : ===================================================================================
2026-01-02 09:59:57.315  INFO 6000 --- [http-nio-8080-exec-5] com.mbti.common.aop.LoggingAspect        : [MbtiController.getAllQuestions()] 요청 / ip : 127.0.0.1
2026-01-02 09:59:57.315  INFO 6000 --- [http-nio-8080-exec-5] c.mbti.mbti.controller.MbtiController    : GET /api/mbti/questions - Fetching all questions
2026-01-02 09:59:57.315  INFO 6000 --- [http-nio-8080-exec-5] com.mbti.common.aop.LoggingAspect        : ========== MbtiServiceImpl.getAllQuestions() 서비스 호출 ==========
2026-01-02 09:59:57.315  INFO 6000 --- [http-nio-8080-exec-5] com.mbti.common.aop.LoggingAspect        : Parameter : []
2026-01-02 09:59:57.315  INFO 6000 --- [http-nio-8080-exec-5] c.m.mbti.model.service.MbtiServiceImpl   : Fetching all questions
2026-01-02 09:59:57.317  INFO 6000 --- [http-nio-8080-exec-5] com.mbti.common.aop.LoggingAspect        : Running Time : 2ms
2026-01-02 09:59:57.318  INFO 6000 --- [http-nio-8080-exec-5] com.mbti.common.aop.LoggingAspect        : ===================================================================================
2026-01-02 10:00:00.125  INFO 6000 --- [http-nio-8080-exec-7] com.mbti.common.aop.LoggingAspect        : [MbtiController.submitTest()] 요청 / ip : 127.0.0.1
2026-01-02 10:00:00.125  INFO 6000 --- [http-nio-8080-exec-7] c.mbti.mbti.controller.MbtiController    : POST /api/mbti/submit - Submitting test for user: 가나다
2026-01-02 10:00:00.127  INFO 6000 --- [http-nio-8080-exec-7] com.mbti.common.aop.LoggingAspect        : ========== MbtiServiceImpl.submitTest() 서비스 호출 ==========
2026-01-02 10:00:00.127  INFO 6000 --- [http-nio-8080-exec-7] com.mbti.common.aop.LoggingAspect        : Parameter : [TestRequest(userName=가나다, answers=[TestAnswer(questionId=1, selectedOption=A), TestAnswer(questionId=2, selectedOption=A), TestAnswer(questionId=3, selectedOption=B), TestAnswer(questionId=4, selectedOption=B), TestAnswer(questionId=5, selectedOption=B), TestAnswer(questionId=6, selectedOption=B), TestAnswer(questionId=7, selectedOption=A), TestAnswer(questionId=8, selectedOption=A), TestAnswer(questionId=9, selectedOption=A), TestAnswer(questionId=10, selectedOption=A), TestAnswer(questionId=11, selectedOption=A), TestAnswer(questionId=12, selectedOption=B)])]
2026-01-02 10:00:00.128  INFO 6000 --- [http-nio-8080-exec-7] c.m.mbti.model.service.MbtiServiceImpl   : Submitting test for user: 가나다
2026-01-02 10:00:00.134  INFO 6000 --- [http-nio-8080-exec-7] c.m.mbti.model.service.MbtiServiceImpl   : Calculated MBTI type: ENTJ
2026-01-02 10:00:00.135  INFO 6000 --- [http-nio-8080-exec-7] c.m.mbti.model.service.MbtiServiceImpl   : Saved result with id: 16
2026-01-02 10:00:00.147  INFO 6000 --- [http-nio-8080-exec-7] c.m.mbti.model.service.MbtiServiceImpl   : Saved 12 answers
2026-01-02 10:00:00.147  INFO 6000 --- [http-nio-8080-exec-7] c.m.mbti.model.service.MbtiServiceImpl   : Fetching result with id: 16
2026-01-02 10:00:00.149  INFO 6000 --- [http-nio-8080-exec-7] com.mbti.common.aop.LoggingAspect        : Running Time : 21ms
2026-01-02 10:00:00.149  INFO 6000 --- [http-nio-8080-exec-7] com.mbti.common.aop.LoggingAspect        : ===================================================================================
2026-01-02 10:01:33.795  INFO 6000 --- [http-nio-8080-exec-10] com.mbti.common.aop.LoggingAspect        : [MbtiController.getAllMbtiTypes()] 요청 / ip : 127.0.0.1
2026-01-02 10:01:33.795  INFO 6000 --- [http-nio-8080-exec-10] c.mbti.mbti.controller.MbtiController    : GET /api/mbti/types - Fetching all MBTI types
2026-01-02 10:01:33.795  INFO 6000 --- [http-nio-8080-exec-10] com.mbti.common.aop.LoggingAspect        : ========== MbtiServiceImpl.getAllMbtiTypes() 서비스 호출 ==========
2026-01-02 10:01:33.795  INFO 6000 --- [http-nio-8080-exec-10] com.mbti.common.aop.LoggingAspect        : Parameter : []
2026-01-02 10:01:33.795  INFO 6000 --- [http-nio-8080-exec-10] c.m.mbti.model.service.MbtiServiceImpl   : Fetching all MBTI types
2026-01-02 10:01:33.798  INFO 6000 --- [http-nio-8080-exec-10] com.mbti.common.aop.LoggingAspect        : Running Time : 3ms
2026-01-02 10:01:33.799  INFO 6000 --- [http-nio-8080-exec-10] com.mbti.common.aop.LoggingAspect        : ===================================================================================
2026-01-02 10:35:42.413  INFO 6000 --- [http-nio-8080-exec-1] com.mbti.common.aop.LoggingAspect        : [MbtiController.getAllMbtiTypes()] 요청 / ip : 127.0.0.1
2026-01-02 10:35:42.413  INFO 6000 --- [http-nio-8080-exec-1] c.mbti.mbti.controller.MbtiController    : GET /api/mbti/types - Fetching all MBTI types
2026-01-02 10:35:42.413  INFO 6000 --- [http-nio-8080-exec-1] com.mbti.common.aop.LoggingAspect        : ========== MbtiServiceImpl.getAllMbtiTypes() 서비스 호출 ==========
2026-01-02 10:35:42.413  INFO 6000 --- [http-nio-8080-exec-1] com.mbti.common.aop.LoggingAspect        : Parameter : []
2026-01-02 10:35:42.414  INFO 6000 --- [http-nio-8080-exec-1] c.m.mbti.model.service.MbtiServiceImpl   : Fetching all MBTI types
2026-01-02 10:35:42.418  INFO 6000 --- [http-nio-8080-exec-1] com.mbti.common.aop.LoggingAspect        : Running Time : 5ms
2026-01-02 10:35:42.418  INFO 6000 --- [http-nio-8080-exec-1] com.mbti.common.aop.LoggingAspect        : ===================================================================================
2026-01-02 10:35:45.775  INFO 6000 --- [http-nio-8080-exec-3] com.mbti.common.aop.LoggingAspect        : [MbtiController.getAllMbtiTypes()] 요청 / ip : 127.0.0.1
2026-01-02 10:35:45.775  INFO 6000 --- [http-nio-8080-exec-3] c.mbti.mbti.controller.MbtiController    : GET /api/mbti/types - Fetching all MBTI types
2026-01-02 10:35:45.776  INFO 6000 --- [http-nio-8080-exec-3] com.mbti.common.aop.LoggingAspect        : ========== MbtiServiceImpl.getAllMbtiTypes() 서비스 호출 ==========
2026-01-02 10:35:45.776  INFO 6000 --- [http-nio-8080-exec-3] com.mbti.common.aop.LoggingAspect        : Parameter : []
2026-01-02 10:35:45.776  INFO 6000 --- [http-nio-8080-exec-3] c.m.mbti.model.service.MbtiServiceImpl   : Fetching all MBTI types
2026-01-02 10:35:45.777  INFO 6000 --- [http-nio-8080-exec-3] com.mbti.common.aop.LoggingAspect        : Running Time : 1ms
2026-01-02 10:35:45.777  INFO 6000 --- [http-nio-8080-exec-3] com.mbti.common.aop.LoggingAspect        : ===================================================================================
2026-01-02 10:38:06.575  INFO 6000 --- [http-nio-8080-exec-5] com.mbti.common.aop.LoggingAspect        : [MbtiController.getAllQuestions()] 요청 / ip : 127.0.0.1
2026-01-02 10:38:06.575  INFO 6000 --- [http-nio-8080-exec-5] c.mbti.mbti.controller.MbtiController    : GET /api/mbti/questions - Fetching all questions
2026-01-02 10:38:06.575  INFO 6000 --- [http-nio-8080-exec-5] com.mbti.common.aop.LoggingAspect        : ========== MbtiServiceImpl.getAllQuestions() 서비스 호출 ==========
2026-01-02 10:38:06.575  INFO 6000 --- [http-nio-8080-exec-5] com.mbti.common.aop.LoggingAspect        : Parameter : []
2026-01-02 10:38:06.575  INFO 6000 --- [http-nio-8080-exec-5] c.m.mbti.model.service.MbtiServiceImpl   : Fetching all questions
2026-01-02 10:38:06.579  INFO 6000 --- [http-nio-8080-exec-5] com.mbti.common.aop.LoggingAspect        : Running Time : 4ms
2026-01-02 10:38:06.579  INFO 6000 --- [http-nio-8080-exec-5] com.mbti.common.aop.LoggingAspect        : ===================================================================================
2026-01-02 10:41:06.125  INFO 6000 --- [http-nio-8080-exec-7] com.mbti.common.aop.LoggingAspect        : [MbtiController.getAllMbtiTypes()] 요청 / ip : 127.0.0.1
2026-01-02 10:41:06.126  INFO 6000 --- [http-nio-8080-exec-7] c.mbti.mbti.controller.MbtiController    : GET /api/mbti/types - Fetching all MBTI types
2026-01-02 10:41:06.126  INFO 6000 --- [http-nio-8080-exec-7] com.mbti.common.aop.LoggingAspect        : ========== MbtiServiceImpl.getAllMbtiTypes() 서비스 호출 ==========
2026-01-02 10:41:06.126  INFO 6000 --- [http-nio-8080-exec-7] com.mbti.common.aop.LoggingAspect        : Parameter : []
2026-01-02 10:41:06.126  INFO 6000 --- [http-nio-8080-exec-7] c.m.mbti.model.service.MbtiServiceImpl   : Fetching all MBTI types
2026-01-02 10:41:06.128  INFO 6000 --- [http-nio-8080-exec-7] com.mbti.common.aop.LoggingAspect        : Running Time : 2ms
2026-01-02 10:41:06.128  INFO 6000 --- [http-nio-8080-exec-7] com.mbti.common.aop.LoggingAspect        : ===================================================================================
2026-01-02 10:50:53.006  INFO 6000 --- [http-nio-8080-exec-10] com.mbti.common.aop.LoggingAspect        : [MbtiController.getAllMbtiTypes()] 요청 / ip : 127.0.0.1
2026-01-02 10:50:53.006  INFO 6000 --- [http-nio-8080-exec-10] c.mbti.mbti.controller.MbtiController    : GET /api/mbti/types - Fetching all MBTI types
2026-01-02 10:50:53.007  INFO 6000 --- [http-nio-8080-exec-10] com.mbti.common.aop.LoggingAspect        : ========== MbtiServiceImpl.getAllMbtiTypes() 서비스 호출 ==========
2026-01-02 10:50:53.007  INFO 6000 --- [http-nio-8080-exec-10] com.mbti.common.aop.LoggingAspect        : Parameter : []
2026-01-02 10:50:53.007  INFO 6000 --- [http-nio-8080-exec-10] c.m.mbti.model.service.MbtiServiceImpl   : Fetching all MBTI types
2026-01-02 10:50:53.009  INFO 6000 --- [http-nio-8080-exec-10] com.mbti.common.aop.LoggingAspect        : Running Time : 2ms
2026-01-02 10:50:53.009  INFO 6000 --- [http-nio-8080-exec-10] com.mbti.common.aop.LoggingAspect        : ===================================================================================
2026-01-02 10:51:27.832  INFO 6000 --- [http-nio-8080-exec-1] com.mbti.common.aop.LoggingAspect        : [MbtiController.getAllMbtiTypes()] 요청 / ip : 127.0.0.1
2026-01-02 10:51:27.833  INFO 6000 --- [http-nio-8080-exec-1] c.mbti.mbti.controller.MbtiController    : GET /api/mbti/types - Fetching all MBTI types
2026-01-02 10:51:27.833  INFO 6000 --- [http-nio-8080-exec-1] com.mbti.common.aop.LoggingAspect        : ========== MbtiServiceImpl.getAllMbtiTypes() 서비스 호출 ==========
2026-01-02 10:51:27.833  INFO 6000 --- [http-nio-8080-exec-1] com.mbti.common.aop.LoggingAspect        : Parameter : []
2026-01-02 10:51:27.833  INFO 6000 --- [http-nio-8080-exec-1] c.m.mbti.model.service.MbtiServiceImpl   : Fetching all MBTI types
2026-01-02 10:51:27.835  INFO 6000 --- [http-nio-8080-exec-1] com.mbti.common.aop.LoggingAspect        : Running Time : 2ms
2026-01-02 10:51:27.835  INFO 6000 --- [http-nio-8080-exec-1] com.mbti.common.aop.LoggingAspect        : ===================================================================================
2026-01-02 10:52:04.970  INFO 6000 --- [http-nio-8080-exec-3] com.mbti.common.aop.LoggingAspect        : [MbtiController.getAllQuestions()] 요청 / ip : 127.0.0.1
2026-01-02 10:52:04.970  INFO 6000 --- [http-nio-8080-exec-3] c.mbti.mbti.controller.MbtiController    : GET /api/mbti/questions - Fetching all questions
2026-01-02 10:52:04.970  INFO 6000 --- [http-nio-8080-exec-3] com.mbti.common.aop.LoggingAspect        : ========== MbtiServiceImpl.getAllQuestions() 서비스 호출 ==========
2026-01-02 10:52:04.971  INFO 6000 --- [http-nio-8080-exec-3] com.mbti.common.aop.LoggingAspect        : Parameter : []
2026-01-02 10:52:04.971  INFO 6000 --- [http-nio-8080-exec-3] c.m.mbti.model.service.MbtiServiceImpl   : Fetching all questions
2026-01-02 10:52:04.972  INFO 6000 --- [http-nio-8080-exec-3] com.mbti.common.aop.LoggingAspect        : Running Time : 1ms
2026-01-02 10:52:04.972  INFO 6000 --- [http-nio-8080-exec-3] com.mbti.common.aop.LoggingAspect        : ===================================================================================
2026-01-02 10:54:40.428  INFO 6000 --- [http-nio-8080-exec-5] com.mbti.common.aop.LoggingAspect        : [MbtiController.getAllQuestions()] 요청 / ip : 127.0.0.1
2026-01-02 10:54:40.428  INFO 6000 --- [http-nio-8080-exec-5] c.mbti.mbti.controller.MbtiController    : GET /api/mbti/questions - Fetching all questions
2026-01-02 10:54:40.428  INFO 6000 --- [http-nio-8080-exec-5] com.mbti.common.aop.LoggingAspect        : ========== MbtiServiceImpl.getAllQuestions() 서비스 호출 ==========
2026-01-02 10:54:40.428  INFO 6000 --- [http-nio-8080-exec-5] com.mbti.common.aop.LoggingAspect        : Parameter : []
2026-01-02 10:54:40.428  INFO 6000 --- [http-nio-8080-exec-5] c.m.mbti.model.service.MbtiServiceImpl   : Fetching all questions
2026-01-02 10:54:40.430  INFO 6000 --- [http-nio-8080-exec-5] com.mbti.common.aop.LoggingAspect        : Running Time : 2ms
2026-01-02 10:54:40.430  INFO 6000 --- [http-nio-8080-exec-5] com.mbti.common.aop.LoggingAspect        : ===================================================================================
2026-01-02 10:54:43.642  INFO 6000 --- [http-nio-8080-exec-7] com.mbti.common.aop.LoggingAspect        : [MbtiController.submitTest()] 요청 / ip : 127.0.0.1
2026-01-02 10:54:43.642  INFO 6000 --- [http-nio-8080-exec-7] c.mbti.mbti.controller.MbtiController    : POST /api/mbti/submit - Submitting test for user: 가나다
2026-01-02 10:54:43.643  INFO 6000 --- [http-nio-8080-exec-7] com.mbti.common.aop.LoggingAspect        : ========== MbtiServiceImpl.submitTest() 서비스 호출 ==========
2026-01-02 10:54:43.643  INFO 6000 --- [http-nio-8080-exec-7] com.mbti.common.aop.LoggingAspect        : Parameter : [TestRequest(userName=가나다, answers=[TestAnswer(questionId=1, selectedOption=A), TestAnswer(questionId=2, selectedOption=A), TestAnswer(questionId=3, selectedOption=A), TestAnswer(questionId=4, selectedOption=A), TestAnswer(questionId=5, selectedOption=A), TestAnswer(questionId=6, selectedOption=A), TestAnswer(questionId=7, selectedOption=A), TestAnswer(questionId=8, selectedOption=A), TestAnswer(questionId=9, selectedOption=A), TestAnswer(questionId=10, selectedOption=A), TestAnswer(questionId=11, selectedOption=A), TestAnswer(questionId=12, selectedOption=A)])]
2026-01-02 10:54:43.643  INFO 6000 --- [http-nio-8080-exec-7] c.m.mbti.model.service.MbtiServiceImpl   : Submitting test for user: 가나다
2026-01-02 10:54:43.652  INFO 6000 --- [http-nio-8080-exec-7] c.m.mbti.model.service.MbtiServiceImpl   : Calculated MBTI type: ESTJ
2026-01-02 10:54:43.654  INFO 6000 --- [http-nio-8080-exec-7] c.m.mbti.model.service.MbtiServiceImpl   : Saved result with id: 17
2026-01-02 10:54:43.668  INFO 6000 --- [http-nio-8080-exec-7] c.m.mbti.model.service.MbtiServiceImpl   : Saved 12 answers
2026-01-02 10:54:43.668  INFO 6000 --- [http-nio-8080-exec-7] c.m.mbti.model.service.MbtiServiceImpl   : Fetching result with id: 17
2026-01-02 10:54:43.672  INFO 6000 --- [http-nio-8080-exec-7] com.mbti.common.aop.LoggingAspect        : Running Time : 29ms
2026-01-02 10:54:43.673  INFO 6000 --- [http-nio-8080-exec-7] com.mbti.common.aop.LoggingAspect        : ===================================================================================
2026-01-02 11:06:09.821  INFO 6000 --- [http-nio-8080-exec-10] com.mbti.common.aop.LoggingAspect        : [MbtiController.getAllQuestions()] 요청 / ip : 127.0.0.1
2026-01-02 11:06:09.822  INFO 6000 --- [http-nio-8080-exec-10] c.mbti.mbti.controller.MbtiController    : GET /api/mbti/questions - Fetching all questions
2026-01-02 11:06:09.822  INFO 6000 --- [http-nio-8080-exec-10] com.mbti.common.aop.LoggingAspect        : ========== MbtiServiceImpl.getAllQuestions() 서비스 호출 ==========
2026-01-02 11:06:09.822  INFO 6000 --- [http-nio-8080-exec-10] com.mbti.common.aop.LoggingAspect        : Parameter : []
2026-01-02 11:06:09.822  INFO 6000 --- [http-nio-8080-exec-10] c.m.mbti.model.service.MbtiServiceImpl   : Fetching all questions
2026-01-02 11:06:09.826  INFO 6000 --- [http-nio-8080-exec-10] com.mbti.common.aop.LoggingAspect        : Running Time : 4ms
2026-01-02 11:06:09.826  INFO 6000 --- [http-nio-8080-exec-10] com.mbti.common.aop.LoggingAspect        : ===================================================================================
2026-01-02 11:06:12.368  INFO 6000 --- [http-nio-8080-exec-1] com.mbti.common.aop.LoggingAspect        : [MbtiController.submitTest()] 요청 / ip : 127.0.0.1
2026-01-02 11:06:12.368  INFO 6000 --- [http-nio-8080-exec-1] c.mbti.mbti.controller.MbtiController    : POST /api/mbti/submit - Submitting test for user: 개나리
2026-01-02 11:06:12.369  INFO 6000 --- [http-nio-8080-exec-1] com.mbti.common.aop.LoggingAspect        : ========== MbtiServiceImpl.submitTest() 서비스 호출 ==========
2026-01-02 11:06:12.369  INFO 6000 --- [http-nio-8080-exec-1] com.mbti.common.aop.LoggingAspect        : Parameter : [TestRequest(userName=개나리, answers=[TestAnswer(questionId=1, selectedOption=B), TestAnswer(questionId=2, selectedOption=B), TestAnswer(questionId=3, selectedOption=B), TestAnswer(questionId=4, selectedOption=B), TestAnswer(questionId=5, selectedOption=B), TestAnswer(questionId=6, selectedOption=B), TestAnswer(questionId=7, selectedOption=B), TestAnswer(questionId=8, selectedOption=B), TestAnswer(questionId=9, selectedOption=B), TestAnswer(questionId=10, selectedOption=B), TestAnswer(questionId=11, selectedOption=B), TestAnswer(questionId=12, selectedOption=B)])]
2026-01-02 11:06:12.369  INFO 6000 --- [http-nio-8080-exec-1] c.m.mbti.model.service.MbtiServiceImpl   : Submitting test for user: 개나리
2026-01-02 11:06:12.376  INFO 6000 --- [http-nio-8080-exec-1] c.m.mbti.model.service.MbtiServiceImpl   : Calculated MBTI type: INFP
2026-01-02 11:06:12.379  INFO 6000 --- [http-nio-8080-exec-1] c.m.mbti.model.service.MbtiServiceImpl   : Saved result with id: 18
2026-01-02 11:06:12.390  INFO 6000 --- [http-nio-8080-exec-1] c.m.mbti.model.service.MbtiServiceImpl   : Saved 12 answers
2026-01-02 11:06:12.390  INFO 6000 --- [http-nio-8080-exec-1] c.m.mbti.model.service.MbtiServiceImpl   : Fetching result with id: 18
2026-01-02 11:06:12.394  INFO 6000 --- [http-nio-8080-exec-1] com.mbti.common.aop.LoggingAspect        : Running Time : 25ms
2026-01-02 11:06:12.394  INFO 6000 --- [http-nio-8080-exec-1] com.mbti.common.aop.LoggingAspect        : ===================================================================================
2026-01-02 11:15:32.772  INFO 6000 --- [http-nio-8080-exec-3] com.mbti.common.aop.LoggingAspect        : [MbtiController.getResultsByUserName()] 요청 / ip : 127.0.0.1
2026-01-02 11:15:32.773  INFO 6000 --- [http-nio-8080-exec-3] c.mbti.mbti.controller.MbtiController    : GET /api/mbti/results - Fetching results for user: 개나리
2026-01-02 11:15:32.773  INFO 6000 --- [http-nio-8080-exec-3] com.mbti.common.aop.LoggingAspect        : ========== MbtiServiceImpl.getResultsByUserName() 서비스 호출 ==========
2026-01-02 11:15:32.773  INFO 6000 --- [http-nio-8080-exec-3] com.mbti.common.aop.LoggingAspect        : Parameter : [개나리]
2026-01-02 11:15:32.773  INFO 6000 --- [http-nio-8080-exec-3] c.m.mbti.model.service.MbtiServiceImpl   : Fetching results for user: 개나리
2026-01-02 11:15:32.776  INFO 6000 --- [http-nio-8080-exec-3] com.mbti.common.aop.LoggingAspect        : Running Time : 3ms
2026-01-02 11:15:32.776  INFO 6000 --- [http-nio-8080-exec-3] com.mbti.common.aop.LoggingAspect        : ===================================================================================
2026-01-02 11:16:26.383  INFO 6000 --- [http-nio-8080-exec-5] com.mbti.common.aop.LoggingAspect        : [MbtiController.getResultsByUserName()] 요청 / ip : 127.0.0.1
2026-01-02 11:16:26.383  INFO 6000 --- [http-nio-8080-exec-5] c.mbti.mbti.controller.MbtiController    : GET /api/mbti/results - Fetching results for user: 개나리
2026-01-02 11:16:26.383  INFO 6000 --- [http-nio-8080-exec-5] com.mbti.common.aop.LoggingAspect        : ========== MbtiServiceImpl.getResultsByUserName() 서비스 호출 ==========
2026-01-02 11:16:26.384  INFO 6000 --- [http-nio-8080-exec-5] com.mbti.common.aop.LoggingAspect        : Parameter : [개나리]
2026-01-02 11:16:26.384  INFO 6000 --- [http-nio-8080-exec-5] c.m.mbti.model.service.MbtiServiceImpl   : Fetching results for user: 개나리
2026-01-02 11:16:26.385  INFO 6000 --- [http-nio-8080-exec-5] com.mbti.common.aop.LoggingAspect        : Running Time : 1ms
2026-01-02 11:16:26.385  INFO 6000 --- [http-nio-8080-exec-5] com.mbti.common.aop.LoggingAspect        : ===================================================================================
2026-01-02 11:18:54.370  INFO 6000 --- [http-nio-8080-exec-7] com.mbti.common.aop.LoggingAspect        : [MbtiController.getResultsByUserName()] 요청 / ip : 127.0.0.1
2026-01-02 11:18:54.370  INFO 6000 --- [http-nio-8080-exec-7] c.mbti.mbti.controller.MbtiController    : GET /api/mbti/results - Fetching results for user: 개나리
2026-01-02 11:18:54.370  INFO 6000 --- [http-nio-8080-exec-7] com.mbti.common.aop.LoggingAspect        : ========== MbtiServiceImpl.getResultsByUserName() 서비스 호출 ==========
2026-01-02 11:18:54.370  INFO 6000 --- [http-nio-8080-exec-7] com.mbti.common.aop.LoggingAspect        : Parameter : [개나리]
2026-01-02 11:18:54.370  INFO 6000 --- [http-nio-8080-exec-7] c.m.mbti.model.service.MbtiServiceImpl   : Fetching results for user: 개나리
2026-01-02 11:18:54.371  INFO 6000 --- [http-nio-8080-exec-7] com.mbti.common.aop.LoggingAspect        : Running Time : 1ms
2026-01-02 11:18:54.371  INFO 6000 --- [http-nio-8080-exec-7] com.mbti.common.aop.LoggingAspect        : ===================================================================================
2026-01-02 11:37:10.280  INFO 6000 --- [File Watcher] rtingClassPathChangeChangedEventListener : Restarting due to 1 class path change (1 addition, 0 deletions, 0 modifications)
2026-01-02 11:37:10.313  INFO 6000 --- [Thread-5] com.zaxxer.hikari.HikariDataSource       : MyHikariCP - Shutdown initiated...
2026-01-02 11:37:10.321  INFO 6000 --- [Thread-5] com.zaxxer.hikari.HikariDataSource       : MyHikariCP - Shutdown completed.
2026-01-02 11:37:10.563  INFO 6000 --- [restartedMain] com.mbti.BackendApplication              : Starting BackendApplication using Java 21.0.8 with PID 6000 (D:\MBTI\backend\build\classes\java\main started by TJ in D:\MBTI\backend)
2026-01-02 11:37:10.564  INFO 6000 --- [restartedMain] com.mbti.BackendApplication              : No active profile set, falling back to 1 default profile: "default"
2026-01-02 11:37:11.021  INFO 6000 --- [restartedMain] o.s.b.w.embedded.tomcat.TomcatWebServer  : Tomcat initialized with port 8080 (http)
2026-01-02 11:37:11.023  INFO 6000 --- [restartedMain] o.apache.catalina.core.StandardService   : Starting service [Tomcat]
2026-01-02 11:37:11.023  INFO 6000 --- [restartedMain] o.apache.catalina.core.StandardEngine    : Starting Servlet engine: [Apache Tomcat/10.1.17]
2026-01-02 11:37:11.044  INFO 6000 --- [restartedMain] o.a.c.c.C.[Tomcat].[localhost].[/]       : Initializing Spring embedded WebApplicationContext
2026-01-02 11:37:11.044  INFO 6000 --- [restartedMain] w.s.c.ServletWebServerApplicationContext : Root WebApplicationContext: initialization completed in 477 ms
2026-01-02 11:37:12.250  INFO 6000 --- [restartedMain] o.s.b.d.a.OptionalLiveReloadServer       : LiveReload server is running on port 35729
2026-01-02 11:37:12.268  INFO 6000 --- [restartedMain] o.s.b.w.embedded.tomcat.TomcatWebServer  : Tomcat started on port 8080 (http) with context path ''
2026-01-02 11:37:12.272  INFO 6000 --- [restartedMain] com.mbti.BackendApplication              : Started BackendApplication in 1.78 seconds (process running for 7039.765)
2026-01-02 11:37:12.274  INFO 6000 --- [restartedMain] .ConditionEvaluationDeltaLoggingListener : Condition evaluation unchanged
2026-01-02 11:37:58.523  INFO 6000 --- [File Watcher] rtingClassPathChangeChangedEventListener : Restarting due to 1 class path change (0 additions, 0 deletions, 1 modification)
2026-01-02 11:37:58.607  INFO 6000 --- [restartedMain] com.mbti.BackendApplication              : Starting BackendApplication using Java 21.0.8 with PID 6000 (D:\MBTI\backend\build\classes\java\main started by TJ in D:\MBTI\backend)
2026-01-02 11:37:58.608  INFO 6000 --- [restartedMain] com.mbti.BackendApplication              : No active profile set, falling back to 1 default profile: "default"
2026-01-02 11:37:58.967  INFO 6000 --- [restartedMain] o.s.b.w.embedded.tomcat.TomcatWebServer  : Tomcat initialized with port 8080 (http)
2026-01-02 11:37:58.968  INFO 6000 --- [restartedMain] o.apache.catalina.core.StandardService   : Starting service [Tomcat]
2026-01-02 11:37:58.968  INFO 6000 --- [restartedMain] o.apache.catalina.core.StandardEngine    : Starting Servlet engine: [Apache Tomcat/10.1.17]
2026-01-02 11:37:58.984  INFO 6000 --- [restartedMain] o.a.c.c.C.[Tomcat].[localhost].[/]       : Initializing Spring embedded WebApplicationContext
2026-01-02 11:37:58.984  INFO 6000 --- [restartedMain] w.s.c.ServletWebServerApplicationContext : Root WebApplicationContext: initialization completed in 374 ms
2026-01-02 11:37:59.534  INFO 6000 --- [restartedMain] o.s.b.d.a.OptionalLiveReloadServer       : LiveReload server is running on port 35729
2026-01-02 11:37:59.546  INFO 6000 --- [restartedMain] o.s.b.w.embedded.tomcat.TomcatWebServer  : Tomcat started on port 8080 (http) with context path ''
2026-01-02 11:37:59.549  INFO 6000 --- [restartedMain] com.mbti.BackendApplication              : Started BackendApplication in 0.968 seconds (process running for 7087.042)
2026-01-02 11:37:59.551  INFO 6000 --- [restartedMain] .ConditionEvaluationDeltaLoggingListener : Condition evaluation unchanged
2026-01-02 12:00:22.500  INFO 6000 --- [http-nio-8080-exec-2] o.a.c.c.C.[Tomcat].[localhost].[/]       : Initializing Spring DispatcherServlet 'dispatcherServlet'
2026-01-02 12:00:22.501  INFO 6000 --- [http-nio-8080-exec-2] o.s.web.servlet.DispatcherServlet        : Initializing Servlet 'dispatcherServlet'
2026-01-02 12:00:22.502  INFO 6000 --- [http-nio-8080-exec-2] o.s.web.servlet.DispatcherServlet        : Completed initialization in 1 ms
2026-01-02 12:13:47.893  INFO 15356 --- [restartedMain] com.mbti.BackendApplication              : Starting BackendApplication using Java 21.0.8 with PID 15356 (D:\MBTI\backend\build\classes\java\main started by TJ in D:\MBTI\backend)
2026-01-02 12:13:47.895  INFO 15356 --- [restartedMain] com.mbti.BackendApplication              : No active profile set, falling back to 1 default profile: "default"
2026-01-02 12:13:47.946  INFO 15356 --- [restartedMain] .e.DevToolsPropertyDefaultsPostProcessor : Devtools property defaults active! Set 'spring.devtools.add-properties' to 'false' to disable
2026-01-02 12:13:47.947  INFO 15356 --- [restartedMain] .e.DevToolsPropertyDefaultsPostProcessor : For additional web related logging consider setting the 'logging.level.web' property to 'DEBUG'
2026-01-02 12:13:49.450  INFO 15356 --- [restartedMain] o.s.b.w.embedded.tomcat.TomcatWebServer  : Tomcat initialized with port 8080 (http)
2026-01-02 12:13:49.463  INFO 15356 --- [restartedMain] o.apache.catalina.core.StandardService   : Starting service [Tomcat]
2026-01-02 12:13:49.464  INFO 15356 --- [restartedMain] o.apache.catalina.core.StandardEngine    : Starting Servlet engine: [Apache Tomcat/10.1.17]
2026-01-02 12:13:49.515  INFO 15356 --- [restartedMain] o.a.c.c.C.[Tomcat].[localhost].[/]       : Initializing Spring embedded WebApplicationContext
2026-01-02 12:13:49.516  INFO 15356 --- [restartedMain] w.s.c.ServletWebServerApplicationContext : Root WebApplicationContext: initialization completed in 1567 ms
2026-01-02 12:13:50.705  INFO 15356 --- [restartedMain] o.s.b.d.a.OptionalLiveReloadServer       : LiveReload server is running on port 35729
2026-01-02 12:13:50.749  INFO 15356 --- [restartedMain] o.s.b.w.embedded.tomcat.TomcatWebServer  : Tomcat started on port 8080 (http) with context path ''
2026-01-02 12:13:50.757  INFO 15356 --- [restartedMain] com.mbti.BackendApplication              : Started BackendApplication in 3.455 seconds (process running for 4.444)
2026-01-02 12:14:02.876  INFO 15356 --- [http-nio-8080-exec-1] o.a.c.c.C.[Tomcat].[localhost].[/]       : Initializing Spring DispatcherServlet 'dispatcherServlet'
2026-01-02 12:14:02.876  INFO 15356 --- [http-nio-8080-exec-1] o.s.web.servlet.DispatcherServlet        : Initializing Servlet 'dispatcherServlet'
2026-01-02 12:14:02.878  INFO 15356 --- [http-nio-8080-exec-1] o.s.web.servlet.DispatcherServlet        : Completed initialization in 2 ms
2026-01-02 12:14:02.909  INFO 15356 --- [http-nio-8080-exec-1] com.mbti.common.aop.LoggingAspect        : [UserController.getAllUsers()] 요청 / ip : 0:0:0:0:0:0:0:1
2026-01-02 12:14:02.909  INFO 15356 --- [http-nio-8080-exec-1] c.mbti.user.controller.UserController    : GET /api/users - Fetching all users
2026-01-02 12:14:02.909  INFO 15356 --- [http-nio-8080-exec-1] com.mbti.common.aop.LoggingAspect        : ========== UserServiceImpl.getAllUsers() 서비스 호출 ==========
2026-01-02 12:14:02.911  INFO 15356 --- [http-nio-8080-exec-1] com.mbti.common.aop.LoggingAspect        : Parameter : []
2026-01-02 12:14:02.912  INFO 15356 --- [http-nio-8080-exec-1] c.m.user.model.service.UserServiceImpl   : Fetching all users
2026-01-02 12:14:02.927  INFO 15356 --- [http-nio-8080-exec-1] com.zaxxer.hikari.HikariDataSource       : MyHikariCP - Starting...
2026-01-02 12:14:03.111  INFO 15356 --- [http-nio-8080-exec-1] com.zaxxer.hikari.pool.HikariPool        : MyHikariCP - Added connection org.postgresql.jdbc.PgConnection@6c04e0e4
2026-01-02 12:14:03.113  INFO 15356 --- [http-nio-8080-exec-1] com.zaxxer.hikari.HikariDataSource       : MyHikariCP - Start completed.
2026-01-02 12:14:03.136  INFO 15356 --- [http-nio-8080-exec-1] com.mbti.common.aop.LoggingAspect        : Running Time : 224ms
2026-01-02 12:14:03.137  INFO 15356 --- [http-nio-8080-exec-1] com.mbti.common.aop.LoggingAspect        : ===================================================================================
2026-01-02 12:50:45.236  INFO 15356 --- [http-nio-8080-exec-4] com.mbti.common.aop.LoggingAspect        : [MbtiController.getAllQuestions()] 요청 / ip : 127.0.0.1
2026-01-02 12:50:45.236  INFO 15356 --- [http-nio-8080-exec-4] c.mbti.mbti.controller.MbtiController    : GET /api/mbti/questions - Fetching all questions
2026-01-02 12:50:45.236  INFO 15356 --- [http-nio-8080-exec-4] com.mbti.common.aop.LoggingAspect        : ========== MbtiServiceImpl.getAllQuestions() 서비스 호출 ==========
2026-01-02 12:50:45.236  INFO 15356 --- [http-nio-8080-exec-4] com.mbti.common.aop.LoggingAspect        : Parameter : []
2026-01-02 12:50:45.236  INFO 15356 --- [http-nio-8080-exec-4] c.m.mbti.model.service.MbtiServiceImpl   : Fetching all questions
2026-01-02 12:50:45.245  INFO 15356 --- [http-nio-8080-exec-4] com.mbti.common.aop.LoggingAspect        : Running Time : 9ms
2026-01-02 12:50:45.245  INFO 15356 --- [http-nio-8080-exec-4] com.mbti.common.aop.LoggingAspect        : ===================================================================================
2026-01-02 13:14:13.419  INFO 15356 --- [http-nio-8080-exec-6] com.mbti.common.aop.LoggingAspect        : [MbtiController.getAllQuestions()] 요청 / ip : 127.0.0.1
2026-01-02 13:14:13.420  INFO 15356 --- [http-nio-8080-exec-6] c.mbti.mbti.controller.MbtiController    : GET /api/mbti/questions - Fetching all questions
2026-01-02 13:14:13.420  INFO 15356 --- [http-nio-8080-exec-6] com.mbti.common.aop.LoggingAspect        : ========== MbtiServiceImpl.getAllQuestions() 서비스 호출 ==========
2026-01-02 13:14:13.420  INFO 15356 --- [http-nio-8080-exec-6] com.mbti.common.aop.LoggingAspect        : Parameter : []
2026-01-02 13:14:13.420  INFO 15356 --- [http-nio-8080-exec-6] c.m.mbti.model.service.MbtiServiceImpl   : Fetching all questions
2026-01-02 13:14:13.425  INFO 15356 --- [http-nio-8080-exec-6] com.mbti.common.aop.LoggingAspect        : Running Time : 5ms
2026-01-02 13:14:13.425  INFO 15356 --- [http-nio-8080-exec-6] com.mbti.common.aop.LoggingAspect        : ===================================================================================
2026-01-02 13:14:17.797  INFO 15356 --- [http-nio-8080-exec-8] com.mbti.common.aop.LoggingAspect        : [MbtiController.submitTest()] 요청 / ip : 127.0.0.1
2026-01-02 13:14:17.797  INFO 15356 --- [http-nio-8080-exec-8] c.mbti.mbti.controller.MbtiController    : POST /api/mbti/submit - Submitting test for user: 유저
2026-01-02 13:14:17.803  INFO 15356 --- [http-nio-8080-exec-8] com.mbti.common.aop.LoggingAspect        : ========== MbtiServiceImpl.submitTest() 서비스 호출 ==========
2026-01-02 13:14:17.803  INFO 15356 --- [http-nio-8080-exec-8] com.mbti.common.aop.LoggingAspect        : Parameter : [TestRequest(userName=유저, answers=[TestAnswer(questionId=1, selectedOption=B), TestAnswer(questionId=2, selectedOption=B), TestAnswer(questionId=3, selectedOption=A), TestAnswer(questionId=4, selectedOption=B), TestAnswer(questionId=5, selectedOption=B), TestAnswer(questionId=6, selectedOption=A), TestAnswer(questionId=7, selectedOption=A), TestAnswer(questionId=8, selectedOption=A), TestAnswer(questionId=9, selectedOption=A), TestAnswer(questionId=10, selectedOption=A), TestAnswer(questionId=11, selectedOption=A), TestAnswer(questionId=12, selectedOption=A)])]
2026-01-02 13:14:17.809  INFO 15356 --- [http-nio-8080-exec-8] c.m.mbti.model.service.MbtiServiceImpl   : Submitting test for user: 유저
2026-01-02 13:14:17.824  INFO 15356 --- [http-nio-8080-exec-8] c.m.mbti.model.service.MbtiServiceImpl   : Calculated MBTI type: INTJ
2026-01-02 13:14:17.833  INFO 15356 --- [http-nio-8080-exec-8] c.m.mbti.model.service.MbtiServiceImpl   : Saved result with id: 19
2026-01-02 13:14:17.864  INFO 15356 --- [http-nio-8080-exec-8] c.m.mbti.model.service.MbtiServiceImpl   : Saved 12 answers
2026-01-02 13:14:17.865  INFO 15356 --- [http-nio-8080-exec-8] c.m.mbti.model.service.MbtiServiceImpl   : Fetching result with id: 19
2026-01-02 13:14:17.870  INFO 15356 --- [http-nio-8080-exec-8] com.mbti.common.aop.LoggingAspect        : Running Time : 66ms
2026-01-02 13:14:17.870  INFO 15356 --- [http-nio-8080-exec-8] com.mbti.common.aop.LoggingAspect        : ===================================================================================
2026-01-02 14:22:13.740  WARN 15356 --- [MyHikariCP housekeeper] com.zaxxer.hikari.pool.HikariPool        : MyHikariCP - Thread starvation or clock leap detected (housekeeper delta=32m39s164ms91µs800ns).
2026-01-02 15:15:15.558  INFO 15356 --- [SpringApplicationShutdownHook] com.zaxxer.hikari.HikariDataSource       : MyHikariCP - Shutdown initiated...
2026-01-02 15:15:15.564  INFO 15356 --- [SpringApplicationShutdownHook] com.zaxxer.hikari.HikariDataSource       : MyHikariCP - Shutdown completed.
