2025-12-31 09:33:45.907  INFO 12356 --- [restartedMain] com.mbti.BackendApplication              : Starting BackendApplication using Java 21.0.8 with PID 12356 (D:\MBTI\backend\build\classes\java\main started by TJ in D:\MBTI\backend)
2025-12-31 09:33:45.909  INFO 12356 --- [restartedMain] com.mbti.BackendApplication              : No active profile set, falling back to 1 default profile: "default"
2025-12-31 09:33:45.964  INFO 12356 --- [restartedMain] .e.DevToolsPropertyDefaultsPostProcessor : Devtools property defaults active! Set 'spring.devtools.add-properties' to 'false' to disable
2025-12-31 09:33:45.964  INFO 12356 --- [restartedMain] .e.DevToolsPropertyDefaultsPostProcessor : For additional web related logging consider setting the 'logging.level.web' property to 'DEBUG'
2025-12-31 09:33:47.717  INFO 12356 --- [restartedMain] o.s.b.w.embedded.tomcat.TomcatWebServer  : Tomcat initialized with port 8080 (http)
2025-12-31 09:33:47.735  INFO 12356 --- [restartedMain] o.apache.catalina.core.StandardService   : Starting service [Tomcat]
2025-12-31 09:33:47.736  INFO 12356 --- [restartedMain] o.apache.catalina.core.StandardEngine    : Starting Servlet engine: [Apache Tomcat/10.1.17]
2025-12-31 09:33:47.795  INFO 12356 --- [restartedMain] o.a.c.c.C.[Tomcat].[localhost].[/]       : Initializing Spring embedded WebApplicationContext
2025-12-31 09:33:47.796  INFO 12356 --- [restartedMain] w.s.c.ServletWebServerApplicationContext : Root WebApplicationContext: initialization completed in 1830 ms
2025-12-31 09:33:49.113  INFO 12356 --- [restartedMain] o.s.b.d.a.OptionalLiveReloadServer       : LiveReload server is running on port 35729
2025-12-31 09:33:49.157  INFO 12356 --- [restartedMain] o.s.b.w.embedded.tomcat.TomcatWebServer  : Tomcat started on port 8080 (http) with context path ''
2025-12-31 09:33:49.166  INFO 12356 --- [restartedMain] com.mbti.BackendApplication              : Started BackendApplication in 3.947 seconds (process running for 5.505)
2025-12-31 10:19:03.947  INFO 12356 --- [http-nio-8080-exec-1] o.a.c.c.C.[Tomcat].[localhost].[/]       : Initializing Spring DispatcherServlet 'dispatcherServlet'
2025-12-31 10:19:03.947  INFO 12356 --- [http-nio-8080-exec-1] o.s.web.servlet.DispatcherServlet        : Initializing Servlet 'dispatcherServlet'
2025-12-31 10:19:03.949  INFO 12356 --- [http-nio-8080-exec-1] o.s.web.servlet.DispatcherServlet        : Completed initialization in 2 ms
2025-12-31 10:19:03.981  INFO 12356 --- [http-nio-8080-exec-1] com.mbti.common.aop.LoggingAspect        : [MbtiController.getAllQuestions()] 요청 / ip : 127.0.0.1
2025-12-31 10:19:03.981  INFO 12356 --- [http-nio-8080-exec-1] c.mbti.mbti.controller.MbtiController    : GET /api/mbti/questions - Fetching all questions
2025-12-31 10:19:03.981  INFO 12356 --- [http-nio-8080-exec-1] com.mbti.common.aop.LoggingAspect        : ========== MbtiServiceImpl.getAllQuestions() 서비스 호출 ==========
2025-12-31 10:19:03.983  INFO 12356 --- [http-nio-8080-exec-1] com.mbti.common.aop.LoggingAspect        : Parameter : []
2025-12-31 10:19:03.984  INFO 12356 --- [http-nio-8080-exec-1] c.m.mbti.model.service.MbtiServiceImpl   : Fetching all questions
2025-12-31 10:19:04.001  INFO 12356 --- [http-nio-8080-exec-1] com.zaxxer.hikari.HikariDataSource       : MyHikariCP - Starting...
2025-12-31 10:19:04.490  INFO 12356 --- [http-nio-8080-exec-1] com.zaxxer.hikari.pool.HikariPool        : MyHikariCP - Added connection org.postgresql.jdbc.PgConnection@5095dd39
2025-12-31 10:19:04.491  INFO 12356 --- [http-nio-8080-exec-1] com.zaxxer.hikari.HikariDataSource       : MyHikariCP - Start completed.
2025-12-31 10:19:04.543  INFO 12356 --- [http-nio-8080-exec-1] com.mbti.common.aop.LoggingAspect        : Running Time : 559ms
2025-12-31 10:19:04.543  INFO 12356 --- [http-nio-8080-exec-1] com.mbti.common.aop.LoggingAspect        : ===================================================================================
2025-12-31 10:44:21.629  INFO 12356 --- [http-nio-8080-exec-5] com.mbti.common.aop.LoggingAspect        : [MbtiController.getResultsByUserName()] 요청 / ip : 0:0:0:0:0:0:0:1
2025-12-31 10:44:21.630  INFO 12356 --- [http-nio-8080-exec-5] c.mbti.mbti.controller.MbtiController    : GET /api/mbti/results - Fetching results for user: 홍길동
2025-12-31 10:44:21.630  INFO 12356 --- [http-nio-8080-exec-5] com.mbti.common.aop.LoggingAspect        : ========== MbtiServiceImpl.getResultsByUserName() 서비스 호출 ==========
2025-12-31 10:44:21.630  INFO 12356 --- [http-nio-8080-exec-5] com.mbti.common.aop.LoggingAspect        : Parameter : [홍길동]
2025-12-31 10:44:21.630  INFO 12356 --- [http-nio-8080-exec-5] c.m.mbti.model.service.MbtiServiceImpl   : Fetching results for user: 홍길동
2025-12-31 10:44:21.653  INFO 12356 --- [http-nio-8080-exec-5] com.mbti.common.aop.LoggingAspect        : Running Time : 23ms
2025-12-31 10:44:21.653  INFO 12356 --- [http-nio-8080-exec-5] com.mbti.common.aop.LoggingAspect        : ===================================================================================
2025-12-31 10:48:56.946  INFO 12356 --- [http-nio-8080-exec-6] com.mbti.common.aop.LoggingAspect        : [MbtiController.getAllQuestions()] 요청 / ip : 127.0.0.1
2025-12-31 10:48:56.947  INFO 12356 --- [http-nio-8080-exec-6] c.mbti.mbti.controller.MbtiController    : GET /api/mbti/questions - Fetching all questions
2025-12-31 10:48:56.947  INFO 12356 --- [http-nio-8080-exec-6] com.mbti.common.aop.LoggingAspect        : ========== MbtiServiceImpl.getAllQuestions() 서비스 호출 ==========
2025-12-31 10:48:56.947  INFO 12356 --- [http-nio-8080-exec-6] com.mbti.common.aop.LoggingAspect        : Parameter : []
2025-12-31 10:48:56.948  INFO 12356 --- [http-nio-8080-exec-6] c.m.mbti.model.service.MbtiServiceImpl   : Fetching all questions
2025-12-31 10:48:56.953  INFO 12356 --- [http-nio-8080-exec-6] com.mbti.common.aop.LoggingAspect        : Running Time : 5ms
2025-12-31 10:48:56.953  INFO 12356 --- [http-nio-8080-exec-6] com.mbti.common.aop.LoggingAspect        : ===================================================================================
2025-12-31 10:48:59.844  INFO 12356 --- [http-nio-8080-exec-8] com.mbti.common.aop.LoggingAspect        : [MbtiController.submitTest()] 요청 / ip : 127.0.0.1
2025-12-31 10:48:59.844  INFO 12356 --- [http-nio-8080-exec-8] c.mbti.mbti.controller.MbtiController    : POST /api/mbti/submit - Submitting test for user: 박길동
2025-12-31 10:48:59.849  INFO 12356 --- [http-nio-8080-exec-8] com.mbti.common.aop.LoggingAspect        : ========== MbtiServiceImpl.submitTest() 서비스 호출 ==========
2025-12-31 10:48:59.850  INFO 12356 --- [http-nio-8080-exec-8] com.mbti.common.aop.LoggingAspect        : Parameter : [TestRequest(userName=박길동, answers=[TestAnswer(questionId=1, selectedOption=B), TestAnswer(questionId=2, selectedOption=B), TestAnswer(questionId=3, selectedOption=B), TestAnswer(questionId=4, selectedOption=A), TestAnswer(questionId=5, selectedOption=A), TestAnswer(questionId=6, selectedOption=A), TestAnswer(questionId=7, selectedOption=A), TestAnswer(questionId=8, selectedOption=B), TestAnswer(questionId=9, selectedOption=B), TestAnswer(questionId=10, selectedOption=B), TestAnswer(questionId=11, selectedOption=A), TestAnswer(questionId=12, selectedOption=A)])]
2025-12-31 10:48:59.855  INFO 12356 --- [http-nio-8080-exec-8] c.m.mbti.model.service.MbtiServiceImpl   : Submitting test for user: 박길동
2025-12-31 10:48:59.870  INFO 12356 --- [http-nio-8080-exec-8] c.m.mbti.model.service.MbtiServiceImpl   : Calculated MBTI type: ISFJ
2025-12-31 10:48:59.903  INFO 12356 --- [http-nio-8080-exec-8] c.m.mbti.model.service.MbtiServiceImpl   : Saved result with id: 10
2025-12-31 10:48:59.935  INFO 12356 --- [http-nio-8080-exec-8] c.m.mbti.model.service.MbtiServiceImpl   : Saved 12 answers
2025-12-31 10:48:59.935  INFO 12356 --- [http-nio-8080-exec-8] c.m.mbti.model.service.MbtiServiceImpl   : Fetching result with id: 10
2025-12-31 10:48:59.942  INFO 12356 --- [http-nio-8080-exec-8] com.mbti.common.aop.LoggingAspect        : Running Time : 92ms
2025-12-31 10:48:59.942  INFO 12356 --- [http-nio-8080-exec-8] com.mbti.common.aop.LoggingAspect        : ===================================================================================
2025-12-31 10:48:59.993  INFO 12356 --- [http-nio-8080-exec-9] com.mbti.common.aop.LoggingAspect        : [MbtiController.submitTest()] 요청 / ip : 127.0.0.1
2025-12-31 10:48:59.993  INFO 12356 --- [http-nio-8080-exec-9] c.mbti.mbti.controller.MbtiController    : POST /api/mbti/submit - Submitting test for user: 박길동
2025-12-31 10:48:59.993  INFO 12356 --- [http-nio-8080-exec-9] com.mbti.common.aop.LoggingAspect        : ========== MbtiServiceImpl.submitTest() 서비스 호출 ==========
2025-12-31 10:48:59.994  INFO 12356 --- [http-nio-8080-exec-9] com.mbti.common.aop.LoggingAspect        : Parameter : [TestRequest(userName=박길동, answers=[TestAnswer(questionId=1, selectedOption=B), TestAnswer(questionId=2, selectedOption=B), TestAnswer(questionId=3, selectedOption=B), TestAnswer(questionId=4, selectedOption=A), TestAnswer(questionId=5, selectedOption=A), TestAnswer(questionId=6, selectedOption=A), TestAnswer(questionId=7, selectedOption=A), TestAnswer(questionId=8, selectedOption=B), TestAnswer(questionId=9, selectedOption=B), TestAnswer(questionId=10, selectedOption=B), TestAnswer(questionId=11, selectedOption=A), TestAnswer(questionId=12, selectedOption=A)])]
2025-12-31 10:48:59.995  INFO 12356 --- [http-nio-8080-exec-9] c.m.mbti.model.service.MbtiServiceImpl   : Submitting test for user: 박길동
2025-12-31 10:49:00.019  INFO 12356 --- [http-nio-8080-exec-9] c.m.mbti.model.service.MbtiServiceImpl   : Calculated MBTI type: ISFJ
2025-12-31 10:49:00.023  INFO 12356 --- [http-nio-8080-exec-9] c.m.mbti.model.service.MbtiServiceImpl   : Saved result with id: 11
2025-12-31 10:49:00.037  INFO 12356 --- [http-nio-8080-exec-9] c.m.mbti.model.service.MbtiServiceImpl   : Saved 12 answers
2025-12-31 10:49:00.037  INFO 12356 --- [http-nio-8080-exec-9] c.m.mbti.model.service.MbtiServiceImpl   : Fetching result with id: 11
2025-12-31 10:49:00.039  INFO 12356 --- [http-nio-8080-exec-9] com.mbti.common.aop.LoggingAspect        : Running Time : 44ms
2025-12-31 10:49:00.039  INFO 12356 --- [http-nio-8080-exec-9] com.mbti.common.aop.LoggingAspect        : ===================================================================================
2025-12-31 10:49:03.884  INFO 12356 --- [http-nio-8080-exec-2] com.mbti.common.aop.LoggingAspect        : [MbtiController.getResultsByUserName()] 요청 / ip : 127.0.0.1
2025-12-31 10:49:03.884  INFO 12356 --- [http-nio-8080-exec-2] c.mbti.mbti.controller.MbtiController    : GET /api/mbti/results - Fetching results for user: 박길동
2025-12-31 10:49:03.884  INFO 12356 --- [http-nio-8080-exec-2] com.mbti.common.aop.LoggingAspect        : ========== MbtiServiceImpl.getResultsByUserName() 서비스 호출 ==========
2025-12-31 10:49:03.886  INFO 12356 --- [http-nio-8080-exec-2] com.mbti.common.aop.LoggingAspect        : Parameter : [박길동]
2025-12-31 10:49:03.886  INFO 12356 --- [http-nio-8080-exec-2] c.m.mbti.model.service.MbtiServiceImpl   : Fetching results for user: 박길동
2025-12-31 10:49:03.889  INFO 12356 --- [http-nio-8080-exec-2] com.mbti.common.aop.LoggingAspect        : Running Time : 3ms
2025-12-31 10:49:03.889  INFO 12356 --- [http-nio-8080-exec-2] com.mbti.common.aop.LoggingAspect        : ===================================================================================
2025-12-31 10:49:15.380  INFO 12356 --- [http-nio-8080-exec-5] com.mbti.common.aop.LoggingAspect        : [MbtiController.getResultsByUserName()] 요청 / ip : 127.0.0.1
2025-12-31 10:49:15.380  INFO 12356 --- [http-nio-8080-exec-5] c.mbti.mbti.controller.MbtiController    : GET /api/mbti/results - Fetching results for user: 홍길동
2025-12-31 10:49:15.381  INFO 12356 --- [http-nio-8080-exec-5] com.mbti.common.aop.LoggingAspect        : ========== MbtiServiceImpl.getResultsByUserName() 서비스 호출 ==========
2025-12-31 10:49:15.381  INFO 12356 --- [http-nio-8080-exec-5] com.mbti.common.aop.LoggingAspect        : Parameter : [홍길동]
2025-12-31 10:49:15.381  INFO 12356 --- [http-nio-8080-exec-5] c.m.mbti.model.service.MbtiServiceImpl   : Fetching results for user: 홍길동
2025-12-31 10:49:15.387  INFO 12356 --- [http-nio-8080-exec-5] com.mbti.common.aop.LoggingAspect        : Running Time : 6ms
2025-12-31 10:49:15.387  INFO 12356 --- [http-nio-8080-exec-5] com.mbti.common.aop.LoggingAspect        : ===================================================================================
